Build started 5/26/2019 4:01:59 PM.
     1>Project "C:\Users\welcome\Desktop\SummerCamp\summer2\summer2\summer2.vcxproj" on node 2 (Build target(s)).
     1>ClCompile:
         C:\Program Files (x86)\Microsoft Visual Studio 12.0\VC\bin\CL.exe /c /ZI /nologo /W3 /WX- /sdl /Od /Oy- /D _MBCS /Gm /EHsc /RTC1 /MDd /GS /fp:precise /Zc:wchar_t /Zc:forScope /Fo"Debug\\" /Fd"Debug\vc120.pdb" /Gd /TP /analyze- /errorReport:prompt wordsearch.cpp
         wordsearch.cpp
     1>c:\users\welcome\desktop\summercamp\summer2\summer2\wordsearch.cpp(64): warning C4715: 'search_word' : not all control paths return a value
       Link:
         C:\Program Files (x86)\Microsoft Visual Studio 12.0\VC\bin\link.exe /ERRORREPORT:PROMPT /OUT:"C:\Users\welcome\Desktop\SummerCamp\summer2\Debug\summer2.exe" /INCREMENTAL /NOLOGO kernel32.lib user32.lib gdi32.lib winspool.lib comdlg32.lib advapi32.lib shell32.lib ole32.lib oleaut32.lib uuid.lib odbc32.lib odbccp32.lib /MANIFEST /MANIFESTUAC:"level='asInvoker' uiAccess='false'" /manifest:embed /DEBUG /PDB:"C:\Users\welcome\Desktop\SummerCamp\summer2\Debug\summer2.pdb" /TLBID:1 /DYNAMICBASE /NXCOMPAT /IMPLIB:"C:\Users\welcome\Desktop\SummerCamp\summer2\Debug\summer2.lib" /MACHINE:X86 Debug\DLLMergesort.obj
         Debug\fibo.obj
         Debug\mainfile.obj
         Debug\apowern.obj
         Debug\permutation.obj
         Debug\printuptolengthn.obj
         Debug\reverserecursion.obj
         Debug\staircasek.obj
         Debug\sumofarrayr.obj
         Debug\wordsearch.obj
         summer2.vcxproj -> C:\Users\welcome\Desktop\SummerCamp\summer2\Debug\summer2.exe
     1>Done Building Project "C:\Users\welcome\Desktop\SummerCamp\summer2\summer2\summer2.vcxproj" (Build target(s)).

Build succeeded.

Time Elapsed 00:00:00.57
